This file contains any messages produced by compilers while
running configure, to aid debugging if configure makes a mistake.

It was created by metadsf configure 0.1, which was
generated by GNU Autoconf 2.69.  Invocation command line was

  $ ./configure --prefix=/usr/local/

## --------- ##
## Platform. ##
## --------- ##

hostname = myth2017
uname -m = x86_64
uname -r = 4.15.0-38201811061723-generic
uname -s = Linux
uname -v = #0+mediatree+hauppauge-Ubuntu SMP Tue Nov 6 19:03:14 UTC 2018

/usr/bin/uname -p = unknown
/bin/uname -X     = unknown

/bin/arch              = unknown
/usr/bin/arch -k       = unknown
/usr/convex/getsysinfo = unknown
/usr/bin/hostinfo      = unknown
/bin/machine           = unknown
/usr/bin/oslevel       = unknown
/bin/universe          = unknown

PATH: /usr/local/sbin
PATH: /usr/local/bin
PATH: /usr/sbin
PATH: /usr/bin
PATH: /sbin
PATH: /bin
PATH: /usr/games
PATH: /usr/local/games
PATH: /snap/bin
PATH: /usr/lib/go-1.10//bin
PATH: /home/stuart/code/bin


## ----------- ##
## Core tests. ##
## ----------- ##

configure:2348: checking for a BSD-compatible install
configure:2416: result: /usr/bin/install -c
configure:2427: checking whether build environment is sane
configure:2482: result: yes
configure:2633: checking for a thread-safe mkdir -p
configure:2672: result: /bin/mkdir -p
configure:2679: checking for gawk
configure:2709: result: no
configure:2679: checking for mawk
configure:2695: found /usr/bin/mawk
configure:2706: result: mawk
configure:2717: checking whether make sets $(MAKE)
configure:2739: result: yes
configure:2768: checking whether make supports nested variables
configure:2785: result: yes
configure:2970: checking for g++
configure:2986: found /usr/bin/g++
configure:2997: result: g++
configure:3024: checking for C++ compiler version
configure:3033: g++ --version >&5
g++ (Ubuntu 7.3.0-27ubuntu1~18.04) 7.3.0
Copyright (C) 2017 Free Software Foundation, Inc.
This is free software; see the source for copying conditions.  There is NO
warranty; not even for MERCHANTABILITY or FITNESS FOR A PARTICULAR PURPOSE.

configure:3044: $? = 0
configure:3033: g++ -v >&5
Using built-in specs.
COLLECT_GCC=g++
COLLECT_LTO_WRAPPER=/usr/lib/gcc/x86_64-linux-gnu/7/lto-wrapper
OFFLOAD_TARGET_NAMES=nvptx-none
OFFLOAD_TARGET_DEFAULT=1
Target: x86_64-linux-gnu
Configured with: ../src/configure -v --with-pkgversion='Ubuntu 7.3.0-27ubuntu1~18.04' --with-bugurl=file:///usr/share/doc/gcc-7/README.Bugs --enable-languages=c,ada,c++,go,brig,d,fortran,objc,obj-c++ --prefix=/usr --with-gcc-major-version-only --program-suffix=-7 --program-prefix=x86_64-linux-gnu- --enable-shared --enable-linker-build-id --libexecdir=/usr/lib --without-included-gettext --enable-threads=posix --libdir=/usr/lib --enable-nls --with-sysroot=/ --enable-clocale=gnu --enable-libstdcxx-debug --enable-libstdcxx-time=yes --with-default-libstdcxx-abi=new --enable-gnu-unique-object --disable-vtable-verify --enable-libmpx --enable-plugin --enable-default-pie --with-system-zlib --with-target-system-zlib --enable-objc-gc=auto --enable-multiarch --disable-werror --with-arch-32=i686 --with-abi=m64 --with-multilib-list=m32,m64,mx32 --enable-multilib --with-tune=generic --enable-offload-targets=nvptx-none --without-cuda-driver --enable-checking=release --build=x86_64-linux-gnu --host=x86_64-linux-gnu --target=x86_64-linux-gnu
Thread model: posix
gcc version 7.3.0 (Ubuntu 7.3.0-27ubuntu1~18.04) 
configure:3044: $? = 0
configure:3033: g++ -V >&5
g++: error: unrecognized command line option '-V'
g++: fatal error: no input files
compilation terminated.
configure:3044: $? = 1
configure:3033: g++ -qversion >&5
g++: error: unrecognized command line option '-qversion'; did you mean '--version'?
g++: fatal error: no input files
compilation terminated.
configure:3044: $? = 1
configure:3064: checking whether the C++ compiler works
configure:3086: g++    conftest.cpp  >&5
configure:3090: $? = 0
configure:3138: result: yes
configure:3141: checking for C++ compiler default output file name
configure:3143: result: a.out
configure:3149: checking for suffix of executables
configure:3156: g++ -o conftest    conftest.cpp  >&5
configure:3160: $? = 0
configure:3182: result: 
configure:3204: checking whether we are cross compiling
configure:3212: g++ -o conftest    conftest.cpp  >&5
configure:3216: $? = 0
configure:3223: ./conftest
configure:3227: $? = 0
configure:3242: result: no
configure:3247: checking for suffix of object files
configure:3269: g++ -c   conftest.cpp >&5
configure:3273: $? = 0
configure:3294: result: o
configure:3298: checking whether we are using the GNU C++ compiler
configure:3317: g++ -c   conftest.cpp >&5
configure:3317: $? = 0
configure:3326: result: yes
configure:3335: checking whether g++ accepts -g
configure:3355: g++ -c -g  conftest.cpp >&5
configure:3355: $? = 0
configure:3396: result: yes
configure:3430: checking for style of include used by make
configure:3458: result: GNU
configure:3484: checking dependency style of g++
configure:3595: result: gcc3
configure:3658: checking for gcc
configure:3674: found /usr/bin/gcc
configure:3685: result: gcc
configure:3914: checking for C compiler version
configure:3923: gcc --version >&5
gcc (Ubuntu 7.3.0-27ubuntu1~18.04) 7.3.0
Copyright (C) 2017 Free Software Foundation, Inc.
This is free software; see the source for copying conditions.  There is NO
warranty; not even for MERCHANTABILITY or FITNESS FOR A PARTICULAR PURPOSE.

configure:3934: $? = 0
configure:3923: gcc -v >&5
Using built-in specs.
COLLECT_GCC=gcc
COLLECT_LTO_WRAPPER=/usr/lib/gcc/x86_64-linux-gnu/7/lto-wrapper
OFFLOAD_TARGET_NAMES=nvptx-none
OFFLOAD_TARGET_DEFAULT=1
Target: x86_64-linux-gnu
Configured with: ../src/configure -v --with-pkgversion='Ubuntu 7.3.0-27ubuntu1~18.04' --with-bugurl=file:///usr/share/doc/gcc-7/README.Bugs --enable-languages=c,ada,c++,go,brig,d,fortran,objc,obj-c++ --prefix=/usr --with-gcc-major-version-only --program-suffix=-7 --program-prefix=x86_64-linux-gnu- --enable-shared --enable-linker-build-id --libexecdir=/usr/lib --without-included-gettext --enable-threads=posix --libdir=/usr/lib --enable-nls --with-sysroot=/ --enable-clocale=gnu --enable-libstdcxx-debug --enable-libstdcxx-time=yes --with-default-libstdcxx-abi=new --enable-gnu-unique-object --disable-vtable-verify --enable-libmpx --enable-plugin --enable-default-pie --with-system-zlib --with-target-system-zlib --enable-objc-gc=auto --enable-multiarch --disable-werror --with-arch-32=i686 --with-abi=m64 --with-multilib-list=m32,m64,mx32 --enable-multilib --with-tune=generic --enable-offload-targets=nvptx-none --without-cuda-driver --enable-checking=release --build=x86_64-linux-gnu --host=x86_64-linux-gnu --target=x86_64-linux-gnu
Thread model: posix
gcc version 7.3.0 (Ubuntu 7.3.0-27ubuntu1~18.04) 
configure:3934: $? = 0
configure:3923: gcc -V >&5
gcc: error: unrecognized command line option '-V'
gcc: fatal error: no input files
compilation terminated.
configure:3934: $? = 1
configure:3923: gcc -qversion >&5
gcc: error: unrecognized command line option '-qversion'; did you mean '--version'?
gcc: fatal error: no input files
compilation terminated.
configure:3934: $? = 1
configure:3938: checking whether we are using the GNU C compiler
configure:3957: gcc -c   conftest.c >&5
configure:3957: $? = 0
configure:3966: result: yes
configure:3975: checking whether gcc accepts -g
configure:3995: gcc -c -g  conftest.c >&5
configure:3995: $? = 0
configure:4036: result: yes
configure:4053: checking for gcc option to accept ISO C89
configure:4116: gcc  -c -g -O2  conftest.c >&5
configure:4116: $? = 0
configure:4129: result: none needed
configure:4154: checking whether gcc understands -c and -o together
configure:4176: gcc -c conftest.c -o conftest2.o
configure:4179: $? = 0
configure:4176: gcc -c conftest.c -o conftest2.o
configure:4179: $? = 0
configure:4191: result: yes
configure:4210: checking dependency style of gcc
configure:4321: result: gcc3
configure:4359: g++ -o conftest -g -O2   conftest.cpp  -ltag -lz >&5
configure:4359: $? = 0
configure:4378: checking whether g++ supports C++11 features by default
configure:4412: g++ -c -g -O2  conftest.cpp >&5
configure:4412: $? = 0
configure:4419: result: yes
configure:4510: checking for gzwrite in -lz
configure:4535: g++ -o conftest -g -O2   conftest.cpp -lz   >&5
configure:4535: $? = 0
configure:4544: result: yes
configure:4562: checking how to run the C++ preprocessor
configure:4589: g++ -E  conftest.cpp
configure:4589: $? = 0
configure:4603: g++ -E  conftest.cpp
conftest.cpp:12:10: fatal error: ac_nonexistent.h: No such file or directory
 #include <ac_nonexistent.h>
          ^~~~~~~~~~~~~~~~~~
compilation terminated.
configure:4603: $? = 1
configure: failed program was:
| /* confdefs.h */
| #define PACKAGE_NAME "metadsf"
| #define PACKAGE_TARNAME "metadsf"
| #define PACKAGE_VERSION "0.1"
| #define PACKAGE_STRING "metadsf 0.1"
| #define PACKAGE_BUGREPORT "pekingducklabs@gmail.com"
| #define PACKAGE_URL ""
| #define PACKAGE "metadsf"
| #define VERSION "0.1"
| #define HAVE_LIBZ 1
| /* end confdefs.h.  */
| #include <ac_nonexistent.h>
configure:4628: result: g++ -E
configure:4648: g++ -E  conftest.cpp
configure:4648: $? = 0
configure:4662: g++ -E  conftest.cpp
conftest.cpp:12:10: fatal error: ac_nonexistent.h: No such file or directory
 #include <ac_nonexistent.h>
          ^~~~~~~~~~~~~~~~~~
compilation terminated.
configure:4662: $? = 1
configure: failed program was:
| /* confdefs.h */
| #define PACKAGE_NAME "metadsf"
| #define PACKAGE_TARNAME "metadsf"
| #define PACKAGE_VERSION "0.1"
| #define PACKAGE_STRING "metadsf 0.1"
| #define PACKAGE_BUGREPORT "pekingducklabs@gmail.com"
| #define PACKAGE_URL ""
| #define PACKAGE "metadsf"
| #define VERSION "0.1"
| #define HAVE_LIBZ 1
| /* end confdefs.h.  */
| #include <ac_nonexistent.h>
configure:4691: checking for grep that handles long lines and -e
configure:4749: result: /bin/grep
configure:4754: checking for egrep
configure:4816: result: /bin/grep -E
configure:4821: checking for ANSI C header files
configure:4841: g++ -c -g -O2  conftest.cpp >&5
configure:4841: $? = 0
configure:4914: g++ -o conftest -g -O2   conftest.cpp -lz  >&5
configure:4914: $? = 0
configure:4914: ./conftest
configure:4914: $? = 0
configure:4925: result: yes
configure:4938: checking for sys/types.h
configure:4938: g++ -c -g -O2  conftest.cpp >&5
configure:4938: $? = 0
configure:4938: result: yes
configure:4938: checking for sys/stat.h
configure:4938: g++ -c -g -O2  conftest.cpp >&5
configure:4938: $? = 0
configure:4938: result: yes
configure:4938: checking for stdlib.h
configure:4938: g++ -c -g -O2  conftest.cpp >&5
configure:4938: $? = 0
configure:4938: result: yes
configure:4938: checking for string.h
configure:4938: g++ -c -g -O2  conftest.cpp >&5
configure:4938: $? = 0
configure:4938: result: yes
configure:4938: checking for memory.h
configure:4938: g++ -c -g -O2  conftest.cpp >&5
configure:4938: $? = 0
configure:4938: result: yes
configure:4938: checking for strings.h
configure:4938: g++ -c -g -O2  conftest.cpp >&5
configure:4938: $? = 0
configure:4938: result: yes
configure:4938: checking for inttypes.h
configure:4938: g++ -c -g -O2  conftest.cpp >&5
configure:4938: $? = 0
configure:4938: result: yes
configure:4938: checking for stdint.h
configure:4938: g++ -c -g -O2  conftest.cpp >&5
configure:4938: $? = 0
configure:4938: result: yes
configure:4938: checking for unistd.h
configure:4938: g++ -c -g -O2  conftest.cpp >&5
configure:4938: $? = 0
configure:4938: result: yes
configure:4952: checking for string.h
configure:4952: result: yes
configure:4964: checking for stdbool.h that conforms to C99
configure:5031: g++ -c -g -O2  conftest.cpp >&5
conftest.cpp:26:15: error: expected unqualified-id before string constant
               "error: bool is not defined"
               ^~~~~~~~~~~~~~~~~~~~~~~~~~~~
conftest.cpp:44:48: error: 's' does not name a type
              struct s { _Bool s: 1; _Bool t; } s;
                                                ^
conftest.cpp:54:28: error: 's' was not declared in this scope
              char i[sizeof s.t];
                            ^
conftest.cpp: In function 'int main()':
conftest.cpp:72:24: error: 's' was not declared in this scope
              bool e = &s;
                        ^
conftest.cpp:76:63: error: 'i' was not declared in this scope
              return (!a + !b + !c + !d + !e + !f + !g + !h + !i + !!j + !k + !!l
                                                               ^
configure:5031: $? = 1
configure: failed program was:
| /* confdefs.h */
| #define PACKAGE_NAME "metadsf"
| #define PACKAGE_TARNAME "metadsf"
| #define PACKAGE_VERSION "0.1"
| #define PACKAGE_STRING "metadsf 0.1"
| #define PACKAGE_BUGREPORT "pekingducklabs@gmail.com"
| #define PACKAGE_URL ""
| #define PACKAGE "metadsf"
| #define VERSION "0.1"
| #define HAVE_LIBZ 1
| #define STDC_HEADERS 1
| #define HAVE_SYS_TYPES_H 1
| #define HAVE_SYS_STAT_H 1
| #define HAVE_STDLIB_H 1
| #define HAVE_STRING_H 1
| #define HAVE_MEMORY_H 1
| #define HAVE_STRINGS_H 1
| #define HAVE_INTTYPES_H 1
| #define HAVE_STDINT_H 1
| #define HAVE_UNISTD_H 1
| #define HAVE_STRING_H 1
| /* end confdefs.h.  */
| 
|              #include <stdbool.h>
|              #ifndef bool
|               "error: bool is not defined"
|              #endif
|              #ifndef false
|               "error: false is not defined"
|              #endif
|              #if false
|               "error: false is not 0"
|              #endif
|              #ifndef true
|               "error: true is not defined"
|              #endif
|              #if true != 1
|               "error: true is not 1"
|              #endif
|              #ifndef __bool_true_false_are_defined
|               "error: __bool_true_false_are_defined is not defined"
|              #endif
| 
|              struct s { _Bool s: 1; _Bool t; } s;
| 
|              char a[true == 1 ? 1 : -1];
|              char b[false == 0 ? 1 : -1];
|              char c[__bool_true_false_are_defined == 1 ? 1 : -1];
|              char d[(bool) 0.5 == true ? 1 : -1];
|              /* See body of main program for 'e'.  */
|              char f[(_Bool) 0.0 == false ? 1 : -1];
|              char g[true];
|              char h[sizeof (_Bool)];
|              char i[sizeof s.t];
|              enum { j = false, k = true, l = false * true, m = true * 256 };
|              /* The following fails for
|                 HP aC++/ANSI C B3910B A.05.55 [Dec 04 2003]. */
|              _Bool n[m];
|              char o[sizeof n == m * sizeof n[0] ? 1 : -1];
|              char p[-1 - (_Bool) 0 < 0 && -1 - (bool) 0 < 0 ? 1 : -1];
|              /* Catch a bug in an HP-UX C compiler.  See
|                 http://gcc.gnu.org/ml/gcc-patches/2003-12/msg02303.html
|                 http://lists.gnu.org/archive/html/bug-coreutils/2005-11/msg00161.html
|               */
|              _Bool q = true;
|              _Bool *pq = &q;
| 
| int
| main ()
| {
| 
|              bool e = &s;
|              *pq |= q;
|              *pq |= ! q;
|              /* Refer to every declared value, to avoid compiler optimizations.  */
|              return (!a + !b + !c + !d + !e + !f + !g + !h + !i + !!j + !k + !!l
|                      + !m + !n + !o + !p + !q + !pq);
| 
|   ;
|   return 0;
| }
configure:5038: result: no
configure:5040: checking for _Bool
configure:5040: g++ -c -g -O2  conftest.cpp >&5
conftest.cpp: In function 'int main()':
conftest.cpp:59:13: error: '_Bool' was not declared in this scope
 if (sizeof (_Bool))
             ^~~~~
conftest.cpp:59:13: note: suggested alternative: 'bool'
 if (sizeof (_Bool))
             ^~~~~
             bool
configure:5040: $? = 1
configure: failed program was:
| /* confdefs.h */
| #define PACKAGE_NAME "metadsf"
| #define PACKAGE_TARNAME "metadsf"
| #define PACKAGE_VERSION "0.1"
| #define PACKAGE_STRING "metadsf 0.1"
| #define PACKAGE_BUGREPORT "pekingducklabs@gmail.com"
| #define PACKAGE_URL ""
| #define PACKAGE "metadsf"
| #define VERSION "0.1"
| #define HAVE_LIBZ 1
| #define STDC_HEADERS 1
| #define HAVE_SYS_TYPES_H 1
| #define HAVE_SYS_STAT_H 1
| #define HAVE_STDLIB_H 1
| #define HAVE_STRING_H 1
| #define HAVE_MEMORY_H 1
| #define HAVE_STRINGS_H 1
| #define HAVE_INTTYPES_H 1
| #define HAVE_STDINT_H 1
| #define HAVE_UNISTD_H 1
| #define HAVE_STRING_H 1
| /* end confdefs.h.  */
| #include <stdio.h>
| #ifdef HAVE_SYS_TYPES_H
| # include <sys/types.h>
| #endif
| #ifdef HAVE_SYS_STAT_H
| # include <sys/stat.h>
| #endif
| #ifdef STDC_HEADERS
| # include <stdlib.h>
| # include <stddef.h>
| #else
| # ifdef HAVE_STDLIB_H
| #  include <stdlib.h>
| # endif
| #endif
| #ifdef HAVE_STRING_H
| # if !defined STDC_HEADERS && defined HAVE_MEMORY_H
| #  include <memory.h>
| # endif
| # include <string.h>
| #endif
| #ifdef HAVE_STRINGS_H
| # include <strings.h>
| #endif
| #ifdef HAVE_INTTYPES_H
| # include <inttypes.h>
| #endif
| #ifdef HAVE_STDINT_H
| # include <stdint.h>
| #endif
| #ifdef HAVE_UNISTD_H
| # include <unistd.h>
| #endif
| int
| main ()
| {
| if (sizeof (_Bool))
| 	 return 0;
|   ;
|   return 0;
| }
configure:5040: result: no
configure:5051: checking for inline
configure:5067: g++ -c -g -O2  conftest.cpp >&5
configure:5067: $? = 0
configure:5075: result: inline
configure:5093: checking for size_t
configure:5093: g++ -c -g -O2  conftest.cpp >&5
configure:5093: $? = 0
configure:5093: g++ -c -g -O2  conftest.cpp >&5
conftest.cpp: In function 'int main()':
conftest.cpp:59:20: error: expected primary-expression before ')' token
 if (sizeof ((size_t)))
                    ^
configure:5093: $? = 1
configure: failed program was:
| /* confdefs.h */
| #define PACKAGE_NAME "metadsf"
| #define PACKAGE_TARNAME "metadsf"
| #define PACKAGE_VERSION "0.1"
| #define PACKAGE_STRING "metadsf 0.1"
| #define PACKAGE_BUGREPORT "pekingducklabs@gmail.com"
| #define PACKAGE_URL ""
| #define PACKAGE "metadsf"
| #define VERSION "0.1"
| #define HAVE_LIBZ 1
| #define STDC_HEADERS 1
| #define HAVE_SYS_TYPES_H 1
| #define HAVE_SYS_STAT_H 1
| #define HAVE_STDLIB_H 1
| #define HAVE_STRING_H 1
| #define HAVE_MEMORY_H 1
| #define HAVE_STRINGS_H 1
| #define HAVE_INTTYPES_H 1
| #define HAVE_STDINT_H 1
| #define HAVE_UNISTD_H 1
| #define HAVE_STRING_H 1
| /* end confdefs.h.  */
| #include <stdio.h>
| #ifdef HAVE_SYS_TYPES_H
| # include <sys/types.h>
| #endif
| #ifdef HAVE_SYS_STAT_H
| # include <sys/stat.h>
| #endif
| #ifdef STDC_HEADERS
| # include <stdlib.h>
| # include <stddef.h>
| #else
| # ifdef HAVE_STDLIB_H
| #  include <stdlib.h>
| # endif
| #endif
| #ifdef HAVE_STRING_H
| # if !defined STDC_HEADERS && defined HAVE_MEMORY_H
| #  include <memory.h>
| # endif
| # include <string.h>
| #endif
| #ifdef HAVE_STRINGS_H
| # include <strings.h>
| #endif
| #ifdef HAVE_INTTYPES_H
| # include <inttypes.h>
| #endif
| #ifdef HAVE_STDINT_H
| # include <stdint.h>
| #endif
| #ifdef HAVE_UNISTD_H
| # include <unistd.h>
| #endif
| int
| main ()
| {
| if (sizeof ((size_t)))
| 	    return 0;
|   ;
|   return 0;
| }
configure:5093: result: yes
configure:5104: checking for uint32_t
configure:5104: g++ -c -g -O2  conftest.cpp >&5
configure:5104: $? = 0
configure:5104: result: yes
configure:5118: checking for uint64_t
configure:5118: g++ -c -g -O2  conftest.cpp >&5
configure:5118: $? = 0
configure:5118: result: yes
configure:5134: checking for error_at_line
configure:5150: g++ -o conftest -g -O2   conftest.cpp -lz  >&5
configure:5150: $? = 0
configure:5158: result: yes
configure:5171: checking for memset
configure:5171: g++ -o conftest -g -O2   conftest.cpp -lz  >&5
conftest.cpp:46:6: warning: declaration of 'char memset()' conflicts with built-in declaration 'void* memset(void*, int, long unsigned int)' [-Wbuiltin-declaration-mismatch]
 char memset ();
      ^~~~~~
configure:5171: $? = 0
configure:5171: result: yes
configure:5328: checking that generated files are newer than configure
configure:5334: result: done
configure:5361: creating ./config.status

## ---------------------- ##
## Running config.status. ##
## ---------------------- ##

This file was extended by metadsf config.status 0.1, which was
generated by GNU Autoconf 2.69.  Invocation command line was

  CONFIG_FILES    = 
  CONFIG_HEADERS  = 
  CONFIG_LINKS    = 
  CONFIG_COMMANDS = 
  $ ./config.status 

on myth2017

config.status:785: creating Makefile
config.status:785: creating src/Makefile
config.status:957: executing depfiles commands

## ---------------- ##
## Cache variables. ##
## ---------------- ##

ac_cv_c_compiler_gnu=yes
ac_cv_c_inline=inline
ac_cv_c_uint32_t=yes
ac_cv_c_uint64_t=yes
ac_cv_cxx_compiler_gnu=yes
ac_cv_env_CCC_set=
ac_cv_env_CCC_value=
ac_cv_env_CC_set=
ac_cv_env_CC_value=
ac_cv_env_CFLAGS_set=
ac_cv_env_CFLAGS_value=
ac_cv_env_CPPFLAGS_set=
ac_cv_env_CPPFLAGS_value=
ac_cv_env_CXXCPP_set=
ac_cv_env_CXXCPP_value=
ac_cv_env_CXXFLAGS_set=
ac_cv_env_CXXFLAGS_value=
ac_cv_env_CXX_set=
ac_cv_env_CXX_value=
ac_cv_env_LDFLAGS_set=
ac_cv_env_LDFLAGS_value=
ac_cv_env_LIBS_set=
ac_cv_env_LIBS_value=
ac_cv_env_build_alias_set=
ac_cv_env_build_alias_value=
ac_cv_env_host_alias_set=
ac_cv_env_host_alias_value=
ac_cv_env_target_alias_set=
ac_cv_env_target_alias_value=
ac_cv_func_memset=yes
ac_cv_header_inttypes_h=yes
ac_cv_header_memory_h=yes
ac_cv_header_stdbool_h=no
ac_cv_header_stdc=yes
ac_cv_header_stdint_h=yes
ac_cv_header_stdlib_h=yes
ac_cv_header_string_h=yes
ac_cv_header_strings_h=yes
ac_cv_header_sys_stat_h=yes
ac_cv_header_sys_types_h=yes
ac_cv_header_unistd_h=yes
ac_cv_lib_error_at_line=yes
ac_cv_lib_z_gzwrite=yes
ac_cv_objext=o
ac_cv_path_EGREP='/bin/grep -E'
ac_cv_path_GREP=/bin/grep
ac_cv_path_install='/usr/bin/install -c'
ac_cv_path_mkdir=/bin/mkdir
ac_cv_prog_AWK=mawk
ac_cv_prog_CXXCPP='g++ -E'
ac_cv_prog_ac_ct_CC=gcc
ac_cv_prog_ac_ct_CXX=g++
ac_cv_prog_cc_c89=
ac_cv_prog_cc_g=yes
ac_cv_prog_cxx_g=yes
ac_cv_prog_make_make_set=yes
ac_cv_type__Bool=no
ac_cv_type_size_t=yes
am_cv_CC_dependencies_compiler_type=gcc3
am_cv_CXX_dependencies_compiler_type=gcc3
am_cv_make_support_nested_variables=yes
am_cv_prog_cc_c_o=yes
ax_cv_cxx_compile_cxx11=yes

## ----------------- ##
## Output variables. ##
## ----------------- ##

ACLOCAL='${SHELL} /home/stuart/metadsf/missing aclocal-1.15'
AMDEPBACKSLASH='\'
AMDEP_FALSE='#'
AMDEP_TRUE=''
AMTAR='$${TAR-tar}'
AM_BACKSLASH='\'
AM_DEFAULT_V='$(AM_DEFAULT_VERBOSITY)'
AM_DEFAULT_VERBOSITY='1'
AM_V='$(V)'
AUTOCONF='${SHELL} /home/stuart/metadsf/missing autoconf'
AUTOHEADER='${SHELL} /home/stuart/metadsf/missing autoheader'
AUTOMAKE='${SHELL} /home/stuart/metadsf/missing automake-1.15'
AWK='mawk'
CC='gcc'
CCDEPMODE='depmode=gcc3'
CFLAGS='-g -O2'
CPPFLAGS=''
CXX='g++'
CXXCPP='g++ -E'
CXXDEPMODE='depmode=gcc3'
CXXFLAGS='-g -O2'
CYGPATH_W='echo'
DEFS='-DPACKAGE_NAME=\"metadsf\" -DPACKAGE_TARNAME=\"metadsf\" -DPACKAGE_VERSION=\"0.1\" -DPACKAGE_STRING=\"metadsf\ 0.1\" -DPACKAGE_BUGREPORT=\"pekingducklabs@gmail.com\" -DPACKAGE_URL=\"\" -DPACKAGE=\"metadsf\" -DVERSION=\"0.1\" -DHAVE_LIBZ=1 -DSTDC_HEADERS=1 -DHAVE_SYS_TYPES_H=1 -DHAVE_SYS_STAT_H=1 -DHAVE_STDLIB_H=1 -DHAVE_STRING_H=1 -DHAVE_MEMORY_H=1 -DHAVE_STRINGS_H=1 -DHAVE_INTTYPES_H=1 -DHAVE_STDINT_H=1 -DHAVE_UNISTD_H=1 -DHAVE_STRING_H=1 -DHAVE_MEMSET=1'
DEPDIR='.deps'
ECHO_C=''
ECHO_N='-n'
ECHO_T=''
EGREP='/bin/grep -E'
EXEEXT=''
GREP='/bin/grep'
HAVE_CXX11=''
INSTALL_DATA='${INSTALL} -m 644'
INSTALL_PROGRAM='${INSTALL}'
INSTALL_SCRIPT='${INSTALL}'
INSTALL_STRIP_PROGRAM='$(install_sh) -c -s'
LDFLAGS=''
LIBOBJS=''
LIBS='-lz '
LTLIBOBJS=''
MAKEINFO='${SHELL} /home/stuart/metadsf/missing makeinfo'
MKDIR_P='/bin/mkdir -p'
OBJEXT='o'
PACKAGE='metadsf'
PACKAGE_BUGREPORT='pekingducklabs@gmail.com'
PACKAGE_NAME='metadsf'
PACKAGE_STRING='metadsf 0.1'
PACKAGE_TARNAME='metadsf'
PACKAGE_URL=''
PACKAGE_VERSION='0.1'
PATH_SEPARATOR=':'
SET_MAKE=''
SHELL='/bin/bash'
STRIP=''
VERSION='0.1'
ac_ct_CC='gcc'
ac_ct_CXX='g++'
am__EXEEXT_FALSE=''
am__EXEEXT_TRUE='#'
am__fastdepCC_FALSE='#'
am__fastdepCC_TRUE=''
am__fastdepCXX_FALSE='#'
am__fastdepCXX_TRUE=''
am__include='include'
am__isrc=''
am__leading_dot='.'
am__nodep='_no'
am__quote=''
am__tar='$${TAR-tar} chof - "$$tardir"'
am__untar='$${TAR-tar} xf -'
bindir='${exec_prefix}/bin'
build_alias=''
datadir='${datarootdir}'
datarootdir='${prefix}/share'
docdir='${datarootdir}/doc/${PACKAGE_TARNAME}'
dvidir='${docdir}'
exec_prefix='${prefix}'
host_alias=''
htmldir='${docdir}'
includedir='${prefix}/include'
infodir='${datarootdir}/info'
install_sh='${SHELL} /home/stuart/metadsf/install-sh'
libdir='${exec_prefix}/lib'
libexecdir='${exec_prefix}/libexec'
localedir='${datarootdir}/locale'
localstatedir='${prefix}/var'
mandir='${datarootdir}/man'
mkdir_p='$(MKDIR_P)'
oldincludedir='/usr/include'
pdfdir='${docdir}'
prefix='/usr/local'
program_transform_name='s,x,x,'
psdir='${docdir}'
sbindir='${exec_prefix}/sbin'
sharedstatedir='${prefix}/com'
sysconfdir='${prefix}/etc'
target_alias=''

## ----------- ##
## confdefs.h. ##
## ----------- ##

/* confdefs.h */
#define PACKAGE_NAME "metadsf"
#define PACKAGE_TARNAME "metadsf"
#define PACKAGE_VERSION "0.1"
#define PACKAGE_STRING "metadsf 0.1"
#define PACKAGE_BUGREPORT "pekingducklabs@gmail.com"
#define PACKAGE_URL ""
#define PACKAGE "metadsf"
#define VERSION "0.1"
#define HAVE_LIBZ 1
#define STDC_HEADERS 1
#define HAVE_SYS_TYPES_H 1
#define HAVE_SYS_STAT_H 1
#define HAVE_STDLIB_H 1
#define HAVE_STRING_H 1
#define HAVE_MEMORY_H 1
#define HAVE_STRINGS_H 1
#define HAVE_INTTYPES_H 1
#define HAVE_STDINT_H 1
#define HAVE_UNISTD_H 1
#define HAVE_STRING_H 1
#define HAVE_MEMSET 1

configure: exit 0

## ---------------------- ##
## Running config.status. ##
## ---------------------- ##

This file was extended by metadsf config.status 0.1, which was
generated by GNU Autoconf 2.69.  Invocation command line was

  CONFIG_FILES    = 
  CONFIG_HEADERS  = 
  CONFIG_LINKS    = 
  CONFIG_COMMANDS = 
  $ ./config.status Makefile

on myth2017

config.status:785: creating Makefile

## ---------------------- ##
## Running config.status. ##
## ---------------------- ##

This file was extended by metadsf config.status 0.1, which was
generated by GNU Autoconf 2.69.  Invocation command line was

  CONFIG_FILES    = 
  CONFIG_HEADERS  = 
  CONFIG_LINKS    = 
  CONFIG_COMMANDS = 
  $ ./config.status src/Makefile depfiles

on myth2017

config.status:785: creating src/Makefile
config.status:957: executing depfiles commands
